<?xml version="1.0" encoding="UTF-8"?>
<testng-results ignored="0" total="2" passed="2" failed="0" skipped="0">
  <reporter-output>
  </reporter-output>
  <suite started-at="2022-09-18T04:49:09Z" name="Suite" finished-at="2022-09-18T04:49:26Z" duration-ms="17375">
    <groups>
    </groups>
    <test started-at="2022-09-18T04:49:09Z" name="Test_chrome" finished-at="2022-09-18T04:49:21Z" duration-ms="11668">
      <class name="Test_Script.Parallell">
        <test-method signature="execution1(java.lang.String)[pri:0, instance:Test_Script.Parallell@3f56875e]" started-at="2022-09-18T04:49:09Z" name="execution1" finished-at="2022-09-18T04:49:21Z" duration-ms="11626" status="PASS">
          <params>
            <param index="0">
              <value>
                <![CDATA[chrome]]>
              </value>
            </param>
          </params>
          <reporter-output>
          </reporter-output>
        </test-method> <!-- execution1 -->
      </class> <!-- Test_Script.Parallell -->
    </test> <!-- Test_chrome -->
    <test started-at="2022-09-18T04:49:09Z" name="Test_firefox" finished-at="2022-09-18T04:49:26Z" duration-ms="17375">
      <class name="Test_Script.Parallell">
        <test-method signature="execution1(java.lang.String)[pri:0, instance:Test_Script.Parallell@77f80c04]" started-at="2022-09-18T04:49:09Z" name="execution1" finished-at="2022-09-18T04:49:26Z" duration-ms="17341" status="PASS">
          <params>
            <param index="0">
              <value>
                <![CDATA[firefox]]>
              </value>
            </param>
          </params>
          <reporter-output>
          </reporter-output>
        </test-method> <!-- execution1 -->
      </class> <!-- Test_Script.Parallell -->
    </test> <!-- Test_firefox -->
  </suite> <!-- Suite -->
</testng-results>
